<?xml version="1.0" encoding="UTF-8"?>
<testng-results ignored="0" total="1" passed="0" failed="1" skipped="0">
  <reporter-output>
  </reporter-output>
  <suite started-at="2023-08-27T17:55:07 IST" name="UiAutomation Suite" finished-at="2023-08-27T17:55:18 IST" duration-ms="11494">
    <groups>
    </groups>
    <test started-at="2023-08-27T17:55:07 IST" name="GoogleSearchAndAssertingSearchResultsIncludingPagination" finished-at="2023-08-27T17:55:18 IST" duration-ms="11494">
      <class name="com.testClass.GoogleSearchAndAssertingSearchResultsIncludingPagination">
        <test-method is-config="true" signature="beforeSuite(java.lang.String)[pri:0, instance:com.testClass.GoogleSearchAndAssertingSearchResultsIncludingPagination@48aca48b]" started-at="2023-08-27T17:55:07 IST" name="beforeSuite" finished-at="2023-08-27T17:55:07 IST" duration-ms="103" status="PASS">
          <params>
            <param index="0">
              <value>
                <![CDATA[chrome]]>
              </value>
            </param>
          </params>
          <reporter-output>
          </reporter-output>
        </test-method> <!-- beforeSuite -->
        <test-method is-config="true" signature="beforeTest(java.lang.String)[pri:0, instance:com.testClass.GoogleSearchAndAssertingSearchResultsIncludingPagination@48aca48b]" started-at="2023-08-27T17:55:07 IST" name="beforeTest" finished-at="2023-08-27T17:55:08 IST" duration-ms="1534" status="PASS">
          <params>
            <param index="0">
              <value>
                <![CDATA[chrome]]>
              </value>
            </param>
          </params>
          <reporter-output>
          </reporter-output>
        </test-method> <!-- beforeTest -->
        <test-method is-config="true" signature="InitializeDriver()[pri:0, instance:com.testClass.GoogleSearchAndAssertingSearchResultsIncludingPagination@48aca48b]" started-at="2023-08-27T17:55:08 IST" name="InitializeDriver" finished-at="2023-08-27T17:55:10 IST" duration-ms="1431" status="PASS">
          <reporter-output>
          </reporter-output>
        </test-method> <!-- InitializeDriver -->
        <test-method signature="validateSearch()[pri:0, instance:com.testClass.GoogleSearchAndAssertingSearchResultsIncludingPagination@48aca48b]" started-at="2023-08-27T17:55:10 IST" name="validateSearch" finished-at="2023-08-27T17:55:18 IST" duration-ms="8337" status="FAIL">
          <exception class="java.lang.AssertionError">
            <message>
              <![CDATA[Exact Searched text is not present in all search Result]]>
            </message>
            <full-stacktrace>
              <![CDATA[java.lang.AssertionError: Exact Searched text is not present in all search Result
at org.testng.Assert.fail(Assert.java:99)
at com.utils.seleniumUtils.fail(seleniumUtils.java:565)
at com.testClass.GoogleSearchAndAssertingSearchResultsIncludingPagination.validateSearch(GoogleSearchAndAssertingSearchResultsIncludingPagination.java:46)
at java.base/jdk.internal.reflect.NativeMethodAccessorImpl.invoke0(Native Method)
at java.base/jdk.internal.reflect.NativeMethodAccessorImpl.invoke(NativeMethodAccessorImpl.java:77)
at java.base/jdk.internal.reflect.DelegatingMethodAccessorImpl.invoke(DelegatingMethodAccessorImpl.java:43)
at java.base/java.lang.reflect.Method.invoke(Method.java:568)
at org.testng.internal.MethodInvocationHelper.invokeMethod(MethodInvocationHelper.java:133)
at org.testng.internal.TestInvoker.invokeMethod(TestInvoker.java:598)
at org.testng.internal.TestInvoker.invokeTestMethod(TestInvoker.java:173)
at org.testng.internal.MethodRunner.runInSequence(MethodRunner.java:46)
at org.testng.internal.TestInvoker$MethodInvocationAgent.invoke(TestInvoker.java:824)
at org.testng.internal.TestInvoker.invokeTestMethods(TestInvoker.java:146)
at org.testng.internal.TestMethodWorker.invokeTestMethods(TestMethodWorker.java:146)
at org.testng.internal.TestMethodWorker.run(TestMethodWorker.java:128)
at java.base/java.util.ArrayList.forEach(ArrayList.java:1511)
at org.testng.TestRunner.privateRun(TestRunner.java:794)
at org.testng.TestRunner.run(TestRunner.java:596)
at org.testng.SuiteRunner.runTest(SuiteRunner.java:377)
at org.testng.SuiteRunner.runSequentially(SuiteRunner.java:371)
at org.testng.SuiteRunner.privateRun(SuiteRunner.java:332)
at org.testng.SuiteRunner.run(SuiteRunner.java:276)
at org.testng.SuiteRunnerWorker.runSuite(SuiteRunnerWorker.java:53)
at org.testng.SuiteRunnerWorker.run(SuiteRunnerWorker.java:96)
at org.testng.TestNG.runSuitesSequentially(TestNG.java:1212)
at org.testng.TestNG.runSuitesLocally(TestNG.java:1134)
at org.testng.TestNG.runSuites(TestNG.java:1063)
at org.testng.TestNG.run(TestNG.java:1031)
at org.testng.remote.AbstractRemoteTestNG.run(AbstractRemoteTestNG.java:115)
at org.testng.remote.RemoteTestNG.initAndRun(RemoteTestNG.java:251)
at org.testng.remote.RemoteTestNG.main(RemoteTestNG.java:77)
]]>
            </full-stacktrace>
          </exception> <!-- java.lang.AssertionError -->
          <reporter-output>
          </reporter-output>
        </test-method> <!-- validateSearch -->
        <test-method is-config="true" signature="driverClose()[pri:0, instance:com.testClass.GoogleSearchAndAssertingSearchResultsIncludingPagination@48aca48b]" started-at="2023-08-27T17:55:18 IST" name="driverClose" finished-at="2023-08-27T17:55:18 IST" duration-ms="117" status="PASS">
          <reporter-output>
          </reporter-output>
        </test-method> <!-- driverClose -->
        <test-method is-config="true" signature="closeBrowser()[pri:0, instance:com.testClass.GoogleSearchAndAssertingSearchResultsIncludingPagination@48aca48b]" started-at="2023-08-27T17:55:18 IST" name="closeBrowser" finished-at="2023-08-27T17:55:18 IST" duration-ms="58" status="PASS">
          <reporter-output>
          </reporter-output>
        </test-method> <!-- closeBrowser -->
      </class> <!-- com.testClass.GoogleSearchAndAssertingSearchResultsIncludingPagination -->
    </test> <!-- GoogleSearchAndAssertingSearchResultsIncludingPagination -->
  </suite> <!-- UiAutomation Suite -->
</testng-results>
